<?xml version="1.0" encoding="UTF-8"?>
<testng-results ignored="0" total="1" passed="1" failed="0" skipped="0">
  <reporter-output>
  </reporter-output>
  <suite started-at="2023-10-27T20:04:45 IST" name="Default suite" finished-at="2023-10-27T20:05:49 IST" duration-ms="64527">
    <groups>
    </groups>
    <test started-at="2023-10-27T20:04:45 IST" name="Default test" finished-at="2023-10-27T20:05:49 IST" duration-ms="64527">
      <class name="maventest.ILoveImg_test">
        <test-method is-config="true" signature="setup()[pri:0, instance:maventest.ILoveImg_test@55fe41ea]" started-at="2023-10-27T20:04:45 IST" name="setup" finished-at="2023-10-27T20:05:19 IST" duration-ms="34180" status="PASS">
          <reporter-output>
          </reporter-output>
        </test-method> <!-- setup -->
        <test-method is-config="true" signature="url()[pri:0, instance:maventest.ILoveImg_test@55fe41ea]" started-at="2023-10-27T20:05:19 IST" name="url" finished-at="2023-10-27T20:05:24 IST" duration-ms="4936" status="PASS">
          <reporter-output>
          </reporter-output>
        </test-method> <!-- url -->
        <test-method signature="teston()[pri:0, instance:maventest.ILoveImg_test@55fe41ea]" started-at="2023-10-27T20:05:24 IST" name="teston" finished-at="2023-10-27T20:05:49 IST" duration-ms="24698" status="PASS">
          <reporter-output>
          </reporter-output>
        </test-method> <!-- teston -->
      </class> <!-- maventest.ILoveImg_test -->
    </test> <!-- Default test -->
  </suite> <!-- Default suite -->
</testng-results>
